2024-05-13T10:18:23.723+05:30  INFO 82402 --- [restartedMain] Ecom.EcomApplication                     : Starting EcomApplication using Java 20.0.1 with PID 82402 (/Users/isas/Desktop/eCommerce-Application-main/eCommersApp/target/classes started by isas in /Users/isas/Desktop/eCommerce-Application-main/eCommersApp)
2024-05-13T10:18:23.726+05:30  INFO 82402 --- [restartedMain] Ecom.EcomApplication                     : No active profile set, falling back to 1 default profile: "default"
2024-05-13T10:18:23.809+05:30  INFO 82402 --- [restartedMain] .e.DevToolsPropertyDefaultsPostProcessor : Devtools property defaults active! Set 'spring.devtools.add-properties' to 'false' to disable
2024-05-13T10:18:23.809+05:30  INFO 82402 --- [restartedMain] .e.DevToolsPropertyDefaultsPostProcessor : For additional web related logging consider setting the 'logging.level.web' property to 'DEBUG'
2024-05-13T10:18:24.447+05:30  INFO 82402 --- [restartedMain] .s.d.r.c.RepositoryConfigurationDelegate : Bootstrapping Spring Data JPA repositories in DEFAULT mode.
2024-05-13T10:18:24.513+05:30  INFO 82402 --- [restartedMain] .s.d.r.c.RepositoryConfigurationDelegate : Finished Spring Data repository scanning in 60 ms. Found 11 JPA repository interfaces.
2024-05-13T10:18:24.990+05:30  INFO 82402 --- [restartedMain] o.s.b.w.embedded.tomcat.TomcatWebServer  : Tomcat initialized with port(s): 8080 (http)
2024-05-13T10:18:24.997+05:30  INFO 82402 --- [restartedMain] o.apache.catalina.core.StandardService   : Starting service [Tomcat]
2024-05-13T10:18:24.997+05:30  INFO 82402 --- [restartedMain] o.apache.catalina.core.StandardEngine    : Starting Servlet engine: [Apache Tomcat/10.1.10]
2024-05-13T10:18:25.048+05:30  INFO 82402 --- [restartedMain] o.a.c.c.C.[Tomcat].[localhost].[/]       : Initializing Spring embedded WebApplicationContext
2024-05-13T10:18:25.049+05:30  INFO 82402 --- [restartedMain] w.s.c.ServletWebServerApplicationContext : Root WebApplicationContext: initialization completed in 1239 ms
2024-05-13T10:18:25.171+05:30  INFO 82402 --- [restartedMain] o.hibernate.jpa.internal.util.LogHelper  : HHH000204: Processing PersistenceUnitInfo [name: default]
2024-05-13T10:18:25.210+05:30  INFO 82402 --- [restartedMain] org.hibernate.Version                    : HHH000412: Hibernate ORM core version 6.2.5.Final
2024-05-13T10:18:25.211+05:30  INFO 82402 --- [restartedMain] org.hibernate.cfg.Environment            : HHH000406: Using bytecode reflection optimizer
2024-05-13T10:18:25.306+05:30  INFO 82402 --- [restartedMain] o.h.b.i.BytecodeProviderInitiator        : HHH000021: Bytecode provider name : bytebuddy
2024-05-13T10:18:25.387+05:30  INFO 82402 --- [restartedMain] o.s.o.j.p.SpringPersistenceUnitInfo      : No LoadTimeWeaver setup: ignoring JPA class transformer
2024-05-13T10:18:25.397+05:30  INFO 82402 --- [restartedMain] com.zaxxer.hikari.HikariDataSource       : HikariPool-1 - Starting...
2024-05-13T10:18:25.724+05:30  INFO 82402 --- [restartedMain] com.zaxxer.hikari.pool.HikariPool        : HikariPool-1 - Added connection com.mysql.cj.jdbc.ConnectionImpl@4c6f5d89
2024-05-13T10:18:25.725+05:30  INFO 82402 --- [restartedMain] com.zaxxer.hikari.HikariDataSource       : HikariPool-1 - Start completed.
2024-05-13T10:18:25.948+05:30  INFO 82402 --- [restartedMain] o.h.b.i.BytecodeProviderInitiator        : HHH000021: Bytecode provider name : bytebuddy
2024-05-13T10:18:26.678+05:30  INFO 82402 --- [restartedMain] o.h.e.t.j.p.i.JtaPlatformInitiator       : HHH000490: Using JtaPlatform implementation: [org.hibernate.engine.transaction.jta.platform.internal.NoJtaPlatform]
2024-05-13T10:18:27.089+05:30  INFO 82402 --- [restartedMain] j.LocalContainerEntityManagerFactoryBean : Initialized JPA EntityManagerFactory for persistence unit 'default'
2024-05-13T10:18:27.265+05:30  INFO 82402 --- [restartedMain] o.s.d.j.r.query.QueryEnhancerFactory     : Hibernate is in classpath; If applicable, HQL parser will be used.
2024-05-13T10:18:27.790+05:30  WARN 82402 --- [restartedMain] JpaBaseConfiguration$JpaWebConfiguration : spring.jpa.open-in-view is enabled by default. Therefore, database queries may be performed during view rendering. Explicitly configure spring.jpa.open-in-view to disable this warning
2024-05-13T10:18:28.247+05:30  INFO 82402 --- [restartedMain] o.s.s.web.DefaultSecurityFilterChain     : Will secure any request with [org.springframework.security.web.session.DisableEncodeUrlFilter@5827b816, org.springframework.security.web.context.request.async.WebAsyncManagerIntegrationFilter@529ad013, org.springframework.security.web.context.SecurityContextHolderFilter@720260cd, org.springframework.security.web.header.HeaderWriterFilter@6b798793, org.springframework.web.filter.CorsFilter@27ee84d6, org.springframework.security.web.authentication.logout.LogoutFilter@150246b4, Ecom.SecurityConfig.JwtTokenValidatorFilter@762e533a, org.springframework.security.web.authentication.www.BasicAuthenticationFilter@25d5fc55, Ecom.SecurityConfig.JwtTokenGeneratorFilter@13acb2e1, org.springframework.security.web.savedrequest.RequestCacheAwareFilter@49823345, org.springframework.security.web.servletapi.SecurityContextHolderAwareRequestFilter@7b2d2f6f, org.springframework.security.web.authentication.AnonymousAuthenticationFilter@17b2e2cf, org.springframework.security.web.session.SessionManagementFilter@3eedd776, org.springframework.security.web.access.ExceptionTranslationFilter@da62ca8, org.springframework.security.web.access.intercept.AuthorizationFilter@70fa131b]
2024-05-13T10:18:28.441+05:30  INFO 82402 --- [restartedMain] o.s.b.d.a.OptionalLiveReloadServer       : LiveReload server is running on port 35729
2024-05-13T10:18:28.466+05:30  INFO 82402 --- [restartedMain] o.s.b.w.embedded.tomcat.TomcatWebServer  : Tomcat started on port(s): 8080 (http) with context path ''
2024-05-13T10:18:28.476+05:30  INFO 82402 --- [restartedMain] Ecom.EcomApplication                     : Started EcomApplication in 5.192 seconds (process running for 5.825)
2024-05-13T10:22:42.075+05:30  INFO 82402 --- [http-nio-8080-exec-1] o.a.c.c.C.[Tomcat].[localhost].[/]       : Initializing Spring DispatcherServlet 'dispatcherServlet'
2024-05-13T10:22:42.076+05:30  INFO 82402 --- [http-nio-8080-exec-1] o.s.web.servlet.DispatcherServlet        : Initializing Servlet 'dispatcherServlet'
2024-05-13T10:22:42.081+05:30  INFO 82402 --- [http-nio-8080-exec-1] o.s.web.servlet.DispatcherServlet        : Completed initialization in 4 ms
2024-05-13T10:23:07.459+05:30  WARN 82402 --- [http-nio-8080-exec-5] .m.m.a.ExceptionHandlerExceptionResolver : Resolved [org.springframework.web.bind.MethodArgumentNotValidException: Validation failed for argument [0] in public org.springframework.http.ResponseEntity<Ecom.Model.User> Ecom.Controller.CustomerController.addUser(Ecom.ModelDTO.CustomerDTO): [Field error in object 'customerDTO' on field 'password': rejected value [sasi]; codes [Size.customerDTO.password,Size.password,Size.java.lang.String,Size]; arguments [org.springframework.context.support.DefaultMessageSourceResolvable: codes [customerDTO.password,password]; arguments []; default message [password],10,5]; default message [Password length should be more than 5 Character]] ]
2024-05-13T11:06:08.545+05:30  WARN 82402 --- [http-nio-8080-exec-2] .m.m.a.ExceptionHandlerExceptionResolver : Resolved [Ecom.Exception.ProductException: Product List Empty]
2024-05-13T11:06:16.459+05:30  WARN 82402 --- [http-nio-8080-exec-4] .m.m.a.ExceptionHandlerExceptionResolver : Resolved [Ecom.Exception.ProductException: Product List Empty]
2024-05-13T11:06:18.036+05:30  WARN 82402 --- [http-nio-8080-exec-5] .m.m.a.ExceptionHandlerExceptionResolver : Resolved [Ecom.Exception.ProductException: Product List Empty]
2024-05-13T11:06:19.991+05:30  WARN 82402 --- [http-nio-8080-exec-7] .m.m.a.ExceptionHandlerExceptionResolver : Resolved [Ecom.Exception.ProductException: Product List Empty]
2024-05-13T11:06:20.155+05:30  WARN 82402 --- [http-nio-8080-exec-8] .m.m.a.ExceptionHandlerExceptionResolver : Resolved [Ecom.Exception.ProductException: Product List Empty]
2024-05-13T11:06:20.235+05:30  WARN 82402 --- [http-nio-8080-exec-9] .m.m.a.ExceptionHandlerExceptionResolver : Resolved [Ecom.Exception.ProductException: Product List Empty]
2024-05-13T11:06:20.312+05:30  WARN 82402 --- [http-nio-8080-exec-10] .m.m.a.ExceptionHandlerExceptionResolver : Resolved [Ecom.Exception.ProductException: Product List Empty]
2024-05-13T11:09:29.930+05:30  WARN 82402 --- [http-nio-8080-exec-3] o.s.s.c.bcrypt.BCryptPasswordEncoder     : Encoded password does not look like BCrypt
2024-05-13T11:10:04.068+05:30  WARN 82402 --- [http-nio-8080-exec-5] o.s.s.c.bcrypt.BCryptPasswordEncoder     : Encoded password does not look like BCrypt
2024-05-13T11:10:19.622+05:30  INFO 82402 --- [SpringApplicationShutdownHook] j.LocalContainerEntityManagerFactoryBean : Closing JPA EntityManagerFactory for persistence unit 'default'
2024-05-13T11:10:19.637+05:30  INFO 82402 --- [SpringApplicationShutdownHook] com.zaxxer.hikari.HikariDataSource       : HikariPool-1 - Shutdown initiated...
2024-05-13T11:10:19.644+05:30  INFO 82402 --- [SpringApplicationShutdownHook] com.zaxxer.hikari.HikariDataSource       : HikariPool-1 - Shutdown completed.
2024-05-13T11:10:22.735+05:30  INFO 84382 --- [restartedMain] Ecom.EcomApplication                     : Starting EcomApplication using Java 20.0.1 with PID 84382 (/Users/isas/Desktop/eCommerce-Application-main/eCommersApp/target/classes started by isas in /Users/isas/Desktop/eCommerce-Application-main/eCommersApp)
2024-05-13T11:10:22.737+05:30  INFO 84382 --- [restartedMain] Ecom.EcomApplication                     : No active profile set, falling back to 1 default profile: "default"
2024-05-13T11:10:22.795+05:30  INFO 84382 --- [restartedMain] .e.DevToolsPropertyDefaultsPostProcessor : Devtools property defaults active! Set 'spring.devtools.add-properties' to 'false' to disable
2024-05-13T11:10:22.795+05:30  INFO 84382 --- [restartedMain] .e.DevToolsPropertyDefaultsPostProcessor : For additional web related logging consider setting the 'logging.level.web' property to 'DEBUG'
2024-05-13T11:10:23.344+05:30  INFO 84382 --- [restartedMain] .s.d.r.c.RepositoryConfigurationDelegate : Bootstrapping Spring Data JPA repositories in DEFAULT mode.
2024-05-13T11:10:23.403+05:30  INFO 84382 --- [restartedMain] .s.d.r.c.RepositoryConfigurationDelegate : Finished Spring Data repository scanning in 52 ms. Found 11 JPA repository interfaces.
2024-05-13T11:10:23.818+05:30  INFO 84382 --- [restartedMain] o.s.b.w.embedded.tomcat.TomcatWebServer  : Tomcat initialized with port(s): 8080 (http)
2024-05-13T11:10:23.825+05:30  INFO 84382 --- [restartedMain] o.apache.catalina.core.StandardService   : Starting service [Tomcat]
2024-05-13T11:10:23.825+05:30  INFO 84382 --- [restartedMain] o.apache.catalina.core.StandardEngine    : Starting Servlet engine: [Apache Tomcat/10.1.10]
2024-05-13T11:10:23.865+05:30  INFO 84382 --- [restartedMain] o.a.c.c.C.[Tomcat].[localhost].[/]       : Initializing Spring embedded WebApplicationContext
2024-05-13T11:10:23.866+05:30  INFO 84382 --- [restartedMain] w.s.c.ServletWebServerApplicationContext : Root WebApplicationContext: initialization completed in 1070 ms
2024-05-13T11:10:23.979+05:30  INFO 84382 --- [restartedMain] o.hibernate.jpa.internal.util.LogHelper  : HHH000204: Processing PersistenceUnitInfo [name: default]
2024-05-13T11:10:24.013+05:30  INFO 84382 --- [restartedMain] org.hibernate.Version                    : HHH000412: Hibernate ORM core version 6.2.5.Final
2024-05-13T11:10:24.014+05:30  INFO 84382 --- [restartedMain] org.hibernate.cfg.Environment            : HHH000406: Using bytecode reflection optimizer
2024-05-13T11:10:24.099+05:30  INFO 84382 --- [restartedMain] o.h.b.i.BytecodeProviderInitiator        : HHH000021: Bytecode provider name : bytebuddy
2024-05-13T11:10:24.173+05:30  INFO 84382 --- [restartedMain] o.s.o.j.p.SpringPersistenceUnitInfo      : No LoadTimeWeaver setup: ignoring JPA class transformer
2024-05-13T11:10:24.183+05:30  INFO 84382 --- [restartedMain] com.zaxxer.hikari.HikariDataSource       : HikariPool-1 - Starting...
2024-05-13T11:10:24.448+05:30  INFO 84382 --- [restartedMain] com.zaxxer.hikari.pool.HikariPool        : HikariPool-1 - Added connection com.mysql.cj.jdbc.ConnectionImpl@508ee261
2024-05-13T11:10:24.449+05:30  INFO 84382 --- [restartedMain] com.zaxxer.hikari.HikariDataSource       : HikariPool-1 - Start completed.
2024-05-13T11:10:24.654+05:30  INFO 84382 --- [restartedMain] o.h.b.i.BytecodeProviderInitiator        : HHH000021: Bytecode provider name : bytebuddy
2024-05-13T11:10:25.196+05:30  INFO 84382 --- [restartedMain] o.h.e.t.j.p.i.JtaPlatformInitiator       : HHH000490: Using JtaPlatform implementation: [org.hibernate.engine.transaction.jta.platform.internal.NoJtaPlatform]
2024-05-13T11:10:25.431+05:30  INFO 84382 --- [restartedMain] j.LocalContainerEntityManagerFactoryBean : Initialized JPA EntityManagerFactory for persistence unit 'default'
2024-05-13T11:10:25.597+05:30  INFO 84382 --- [restartedMain] o.s.d.j.r.query.QueryEnhancerFactory     : Hibernate is in classpath; If applicable, HQL parser will be used.
2024-05-13T11:10:26.093+05:30  WARN 84382 --- [restartedMain] JpaBaseConfiguration$JpaWebConfiguration : spring.jpa.open-in-view is enabled by default. Therefore, database queries may be performed during view rendering. Explicitly configure spring.jpa.open-in-view to disable this warning
2024-05-13T11:10:26.506+05:30  INFO 84382 --- [restartedMain] o.s.s.web.DefaultSecurityFilterChain     : Will secure any request with [org.springframework.security.web.session.DisableEncodeUrlFilter@4dc6eb2d, org.springframework.security.web.context.request.async.WebAsyncManagerIntegrationFilter@217ed2f8, org.springframework.security.web.context.SecurityContextHolderFilter@34397447, org.springframework.security.web.header.HeaderWriterFilter@3afc6ca5, org.springframework.web.filter.CorsFilter@3982450c, org.springframework.security.web.authentication.logout.LogoutFilter@6e986323, Ecom.SecurityConfig.JwtTokenValidatorFilter@4e061cc8, org.springframework.security.web.authentication.www.BasicAuthenticationFilter@69b0ac89, Ecom.SecurityConfig.JwtTokenGeneratorFilter@34e319a6, org.springframework.security.web.savedrequest.RequestCacheAwareFilter@431c1af1, org.springframework.security.web.servletapi.SecurityContextHolderAwareRequestFilter@3e119332, org.springframework.security.web.authentication.AnonymousAuthenticationFilter@63ddf4d0, org.springframework.security.web.session.SessionManagementFilter@672a6e41, org.springframework.security.web.access.ExceptionTranslationFilter@35840b0a, org.springframework.security.web.access.intercept.AuthorizationFilter@6e8e058d]
2024-05-13T11:10:26.631+05:30  INFO 84382 --- [restartedMain] o.s.b.d.a.OptionalLiveReloadServer       : LiveReload server is running on port 35729
2024-05-13T11:10:26.652+05:30  INFO 84382 --- [restartedMain] o.s.b.w.embedded.tomcat.TomcatWebServer  : Tomcat started on port(s): 8080 (http) with context path ''
2024-05-13T11:10:26.661+05:30  INFO 84382 --- [restartedMain] Ecom.EcomApplication                     : Started EcomApplication in 4.286 seconds (process running for 4.906)
2024-05-13T11:10:53.096+05:30  INFO 84382 --- [http-nio-8080-exec-1] o.a.c.c.C.[Tomcat].[localhost].[/]       : Initializing Spring DispatcherServlet 'dispatcherServlet'
2024-05-13T11:10:53.097+05:30  INFO 84382 --- [http-nio-8080-exec-1] o.s.web.servlet.DispatcherServlet        : Initializing Servlet 'dispatcherServlet'
2024-05-13T11:10:53.100+05:30  INFO 84382 --- [http-nio-8080-exec-1] o.s.web.servlet.DispatcherServlet        : Completed initialization in 3 ms
2024-05-13T11:10:53.384+05:30  WARN 84382 --- [http-nio-8080-exec-2] o.s.s.c.bcrypt.BCryptPasswordEncoder     : Encoded password does not look like BCrypt
2024-05-13T11:11:38.915+05:30  WARN 84382 --- [http-nio-8080-exec-5] o.s.s.c.bcrypt.BCryptPasswordEncoder     : Encoded password does not look like BCrypt
2024-05-13T11:11:43.414+05:30  WARN 84382 --- [http-nio-8080-exec-6] .m.m.a.ExceptionHandlerExceptionResolver : Resolved [Ecom.Exception.OrdersException: Failed to fetch orders for the user: No orders found for the user in the database.]
2024-05-13T11:12:15.390+05:30  WARN 84382 --- [http-nio-8080-exec-10] o.s.s.c.bcrypt.BCryptPasswordEncoder     : Encoded password does not look like BCrypt
2024-05-13T11:18:26.522+05:30  WARN 84382 --- [http-nio-8080-exec-3] o.s.s.c.bcrypt.BCryptPasswordEncoder     : Encoded password does not look like BCrypt
2024-05-13T11:18:46.280+05:30  WARN 84382 --- [http-nio-8080-exec-7] o.s.s.c.bcrypt.BCryptPasswordEncoder     : Encoded password does not look like BCrypt
2024-05-13T11:24:02.567+05:30  INFO 84382 --- [http-nio-8080-exec-6] o.springdoc.api.AbstractOpenApiResource  : Init duration for springdoc-openapi is: 578 ms
2024-05-13T11:24:23.740+05:30  WARN 84382 --- [http-nio-8080-exec-3] .m.m.a.ExceptionHandlerExceptionResolver : Resolved [Ecom.Exception.ProductException: Product List Empty]
2024-05-13T11:26:49.355+05:30  WARN 84382 --- [http-nio-8080-exec-5] o.s.s.c.bcrypt.BCryptPasswordEncoder     : Encoded password does not look like BCrypt
2024-05-13T11:30:44.829+05:30  WARN 84382 --- [http-nio-8080-exec-9] o.s.s.c.bcrypt.BCryptPasswordEncoder     : Encoded password does not look like BCrypt
2024-05-13T11:31:41.455+05:30  WARN 84382 --- [http-nio-8080-exec-7] o.s.s.c.bcrypt.BCryptPasswordEncoder     : Encoded password does not look like BCrypt
2024-05-13T11:32:38.763+05:30  WARN 84382 --- [http-nio-8080-exec-1] o.s.s.c.bcrypt.BCryptPasswordEncoder     : Encoded password does not look like BCrypt
2024-05-13T11:34:53.563+05:30  INFO 84382 --- [File Watcher] rtingClassPathChangeChangedEventListener : Restarting due to 84 class path changes (0 additions, 84 deletions, 0 modifications)
2024-05-13T11:34:53.770+05:30  INFO 84382 --- [Thread-5] o.apache.catalina.core.StandardService   : Stopping service [Tomcat]
2024-05-13T11:34:53.779+05:30  INFO 84382 --- [Thread-5] o.a.c.c.C.[Tomcat].[localhost].[/]       : Destroying Spring FrameworkServlet 'dispatcherServlet'
2024-05-13T11:34:53.838+05:30  INFO 84382 --- [Thread-5] j.LocalContainerEntityManagerFactoryBean : Closing JPA EntityManagerFactory for persistence unit 'default'
2024-05-13T11:34:53.856+05:30  INFO 84382 --- [Thread-5] com.zaxxer.hikari.HikariDataSource       : HikariPool-1 - Shutdown initiated...
2024-05-13T11:34:53.901+05:30  INFO 84382 --- [Thread-5] com.zaxxer.hikari.HikariDataSource       : HikariPool-1 - Shutdown completed.
2024-05-13T11:34:56.340+05:30  INFO 84382 --- [restartedMain] Ecom.EcomApplication                     : Starting EcomApplication using Java 20.0.1 with PID 84382 (/Users/isas/Desktop/eCommerce-Application-main/eCommersApp/target/classes started by isas in /Users/isas/Desktop/eCommerce-Application-main/eCommersApp)
2024-05-13T11:34:56.340+05:30  INFO 84382 --- [restartedMain] Ecom.EcomApplication                     : No active profile set, falling back to 1 default profile: "default"
2024-05-13T11:34:56.784+05:30  INFO 84382 --- [restartedMain] .s.d.r.c.RepositoryConfigurationDelegate : Bootstrapping Spring Data JPA repositories in DEFAULT mode.
2024-05-13T11:34:56.833+05:30  INFO 84382 --- [restartedMain] .s.d.r.c.RepositoryConfigurationDelegate : Finished Spring Data repository scanning in 48 ms. Found 11 JPA repository interfaces.
2024-05-13T11:34:57.142+05:30  INFO 84382 --- [restartedMain] o.s.b.w.embedded.tomcat.TomcatWebServer  : Tomcat initialized with port(s): 8080 (http)
2024-05-13T11:34:57.144+05:30  INFO 84382 --- [restartedMain] o.apache.catalina.core.StandardService   : Starting service [Tomcat]
2024-05-13T11:34:57.144+05:30  INFO 84382 --- [restartedMain] o.apache.catalina.core.StandardEngine    : Starting Servlet engine: [Apache Tomcat/10.1.10]
2024-05-13T11:34:57.161+05:30  INFO 84382 --- [restartedMain] o.a.c.c.C.[Tomcat-1].[localhost].[/]     : Initializing Spring embedded WebApplicationContext
2024-05-13T11:34:57.161+05:30  INFO 84382 --- [restartedMain] w.s.c.ServletWebServerApplicationContext : Root WebApplicationContext: initialization completed in 807 ms
2024-05-13T11:34:57.247+05:30  INFO 84382 --- [restartedMain] o.hibernate.jpa.internal.util.LogHelper  : HHH000204: Processing PersistenceUnitInfo [name: default]
2024-05-13T11:34:57.258+05:30  INFO 84382 --- [restartedMain] o.h.b.i.BytecodeProviderInitiator        : HHH000021: Bytecode provider name : bytebuddy
2024-05-13T11:34:57.259+05:30  INFO 84382 --- [restartedMain] o.s.o.j.p.SpringPersistenceUnitInfo      : No LoadTimeWeaver setup: ignoring JPA class transformer
2024-05-13T11:34:57.260+05:30  INFO 84382 --- [restartedMain] com.zaxxer.hikari.HikariDataSource       : HikariPool-2 - Starting...
2024-05-13T11:34:57.444+05:30  INFO 84382 --- [restartedMain] com.zaxxer.hikari.pool.HikariPool        : HikariPool-2 - Added connection com.mysql.cj.jdbc.ConnectionImpl@670befc7
2024-05-13T11:34:57.445+05:30  INFO 84382 --- [restartedMain] com.zaxxer.hikari.HikariDataSource       : HikariPool-2 - Start completed.
2024-05-13T11:34:57.555+05:30  INFO 84382 --- [restartedMain] o.h.b.i.BytecodeProviderInitiator        : HHH000021: Bytecode provider name : bytebuddy
2024-05-13T11:34:57.945+05:30  INFO 84382 --- [restartedMain] o.h.e.t.j.p.i.JtaPlatformInitiator       : HHH000490: Using JtaPlatform implementation: [org.hibernate.engine.transaction.jta.platform.internal.NoJtaPlatform]
2024-05-13T11:34:58.469+05:30  INFO 84382 --- [restartedMain] j.LocalContainerEntityManagerFactoryBean : Initialized JPA EntityManagerFactory for persistence unit 'default'
2024-05-13T11:34:59.004+05:30  WARN 84382 --- [restartedMain] JpaBaseConfiguration$JpaWebConfiguration : spring.jpa.open-in-view is enabled by default. Therefore, database queries may be performed during view rendering. Explicitly configure spring.jpa.open-in-view to disable this warning
2024-05-13T11:34:59.706+05:30  INFO 84382 --- [restartedMain] o.s.s.web.DefaultSecurityFilterChain     : Will secure any request with [org.springframework.security.web.session.DisableEncodeUrlFilter@1ee98c9, org.springframework.security.web.context.request.async.WebAsyncManagerIntegrationFilter@5fc97316, org.springframework.security.web.context.SecurityContextHolderFilter@620a233d, org.springframework.security.web.header.HeaderWriterFilter@2c7d7280, org.springframework.web.filter.CorsFilter@2e979bdc, org.springframework.security.web.authentication.logout.LogoutFilter@7b7e1c3, Ecom.SecurityConfig.JwtTokenValidatorFilter@69c1a07f, org.springframework.security.web.authentication.www.BasicAuthenticationFilter@39efcfce, Ecom.SecurityConfig.JwtTokenGeneratorFilter@1c9c555e, org.springframework.security.web.savedrequest.RequestCacheAwareFilter@7dca17c2, org.springframework.security.web.servletapi.SecurityContextHolderAwareRequestFilter@3a649389, org.springframework.security.web.authentication.AnonymousAuthenticationFilter@859c418, org.springframework.security.web.session.SessionManagementFilter@4948e6a4, org.springframework.security.web.access.ExceptionTranslationFilter@1221afd9, org.springframework.security.web.access.intercept.AuthorizationFilter@3408a4ef]
2024-05-13T11:34:59.770+05:30  INFO 84382 --- [restartedMain] o.s.b.d.a.OptionalLiveReloadServer       : LiveReload server is running on port 35729
2024-05-13T11:34:59.784+05:30  INFO 84382 --- [restartedMain] o.s.b.w.embedded.tomcat.TomcatWebServer  : Tomcat started on port(s): 8080 (http) with context path ''
2024-05-13T11:34:59.791+05:30  INFO 84382 --- [restartedMain] Ecom.EcomApplication                     : Started EcomApplication in 3.536 seconds (process running for 1477.983)
2024-05-13T11:34:59.794+05:30  INFO 84382 --- [restartedMain] .ConditionEvaluationDeltaLoggingListener : Condition evaluation unchanged
2024-05-13T11:35:02.209+05:30  INFO 84382 --- [File Watcher] rtingClassPathChangeChangedEventListener : Restarting due to 84 class path changes (0 additions, 84 deletions, 0 modifications)
2024-05-13T11:35:02.223+05:30  INFO 84382 --- [Thread-7] o.apache.catalina.core.StandardService   : Stopping service [Tomcat]
2024-05-13T11:35:02.239+05:30  INFO 84382 --- [Thread-7] j.LocalContainerEntityManagerFactoryBean : Closing JPA EntityManagerFactory for persistence unit 'default'
2024-05-13T11:35:02.242+05:30  INFO 84382 --- [Thread-7] com.zaxxer.hikari.HikariDataSource       : HikariPool-2 - Shutdown initiated...
2024-05-13T11:35:02.252+05:30  INFO 84382 --- [Thread-7] com.zaxxer.hikari.HikariDataSource       : HikariPool-2 - Shutdown completed.
2024-05-13T11:35:04.463+05:30  INFO 84382 --- [restartedMain] Ecom.EcomApplication                     : Starting EcomApplication using Java 20.0.1 with PID 84382 (/Users/isas/Desktop/eCommerce-Application-main/eCommersApp/target/classes started by isas in /Users/isas/Desktop/eCommerce-Application-main/eCommersApp)
2024-05-13T11:35:04.464+05:30  INFO 84382 --- [restartedMain] Ecom.EcomApplication                     : No active profile set, falling back to 1 default profile: "default"
2024-05-13T11:35:04.694+05:30  INFO 84382 --- [restartedMain] .s.d.r.c.RepositoryConfigurationDelegate : Bootstrapping Spring Data JPA repositories in DEFAULT mode.
2024-05-13T11:35:04.723+05:30  INFO 84382 --- [restartedMain] .s.d.r.c.RepositoryConfigurationDelegate : Finished Spring Data repository scanning in 28 ms. Found 11 JPA repository interfaces.
2024-05-13T11:35:04.971+05:30  INFO 84382 --- [restartedMain] o.s.b.w.embedded.tomcat.TomcatWebServer  : Tomcat initialized with port(s): 8080 (http)
2024-05-13T11:35:04.972+05:30  INFO 84382 --- [restartedMain] o.apache.catalina.core.StandardService   : Starting service [Tomcat]
2024-05-13T11:35:04.972+05:30  INFO 84382 --- [restartedMain] o.apache.catalina.core.StandardEngine    : Starting Servlet engine: [Apache Tomcat/10.1.10]
2024-05-13T11:35:05.000+05:30  INFO 84382 --- [restartedMain] o.a.c.c.C.[Tomcat-2].[localhost].[/]     : Initializing Spring embedded WebApplicationContext
2024-05-13T11:35:05.001+05:30  INFO 84382 --- [restartedMain] w.s.c.ServletWebServerApplicationContext : Root WebApplicationContext: initialization completed in 531 ms
2024-05-13T11:35:05.082+05:30  INFO 84382 --- [restartedMain] o.hibernate.jpa.internal.util.LogHelper  : HHH000204: Processing PersistenceUnitInfo [name: default]
2024-05-13T11:35:05.090+05:30  INFO 84382 --- [restartedMain] o.h.b.i.BytecodeProviderInitiator        : HHH000021: Bytecode provider name : bytebuddy
2024-05-13T11:35:05.090+05:30  INFO 84382 --- [restartedMain] o.s.o.j.p.SpringPersistenceUnitInfo      : No LoadTimeWeaver setup: ignoring JPA class transformer
2024-05-13T11:35:05.091+05:30  INFO 84382 --- [restartedMain] com.zaxxer.hikari.HikariDataSource       : HikariPool-3 - Starting...
2024-05-13T11:35:05.118+05:30  INFO 84382 --- [restartedMain] com.zaxxer.hikari.pool.HikariPool        : HikariPool-3 - Added connection com.mysql.cj.jdbc.ConnectionImpl@24a9ce70
2024-05-13T11:35:05.119+05:30  INFO 84382 --- [restartedMain] com.zaxxer.hikari.HikariDataSource       : HikariPool-3 - Start completed.
2024-05-13T11:35:05.247+05:30  INFO 84382 --- [restartedMain] o.h.b.i.BytecodeProviderInitiator        : HHH000021: Bytecode provider name : bytebuddy
2024-05-13T11:35:05.668+05:30  INFO 84382 --- [restartedMain] o.h.e.t.j.p.i.JtaPlatformInitiator       : HHH000490: Using JtaPlatform implementation: [org.hibernate.engine.transaction.jta.platform.internal.NoJtaPlatform]
2024-05-13T11:35:06.085+05:30  INFO 84382 --- [restartedMain] j.LocalContainerEntityManagerFactoryBean : Initialized JPA EntityManagerFactory for persistence unit 'default'
2024-05-13T11:35:06.459+05:30  WARN 84382 --- [restartedMain] JpaBaseConfiguration$JpaWebConfiguration : spring.jpa.open-in-view is enabled by default. Therefore, database queries may be performed during view rendering. Explicitly configure spring.jpa.open-in-view to disable this warning
2024-05-13T11:35:06.681+05:30  INFO 84382 --- [restartedMain] o.s.s.web.DefaultSecurityFilterChain     : Will secure any request with [org.springframework.security.web.session.DisableEncodeUrlFilter@5410d02a, org.springframework.security.web.context.request.async.WebAsyncManagerIntegrationFilter@7df76543, org.springframework.security.web.context.SecurityContextHolderFilter@643283fc, org.springframework.security.web.header.HeaderWriterFilter@2b51fd6c, org.springframework.web.filter.CorsFilter@7388a4f7, org.springframework.security.web.authentication.logout.LogoutFilter@1b76c6dd, Ecom.SecurityConfig.JwtTokenValidatorFilter@67eec961, org.springframework.security.web.authentication.www.BasicAuthenticationFilter@797da1f6, Ecom.SecurityConfig.JwtTokenGeneratorFilter@352dd436, org.springframework.security.web.savedrequest.RequestCacheAwareFilter@4a8d234a, org.springframework.security.web.servletapi.SecurityContextHolderAwareRequestFilter@6e931dea, org.springframework.security.web.authentication.AnonymousAuthenticationFilter@73b672ad, org.springframework.security.web.session.SessionManagementFilter@41b890a7, org.springframework.security.web.access.ExceptionTranslationFilter@40bdd58d, org.springframework.security.web.access.intercept.AuthorizationFilter@4ec80725]
2024-05-13T11:35:06.781+05:30  INFO 84382 --- [restartedMain] o.s.b.d.a.OptionalLiveReloadServer       : LiveReload server is running on port 35729
2024-05-13T11:35:06.788+05:30  INFO 84382 --- [restartedMain] o.s.b.w.embedded.tomcat.TomcatWebServer  : Tomcat started on port(s): 8080 (http) with context path ''
2024-05-13T11:35:06.792+05:30  INFO 84382 --- [restartedMain] Ecom.EcomApplication                     : Started EcomApplication in 2.382 seconds (process running for 1484.984)
2024-05-13T11:35:06.793+05:30  INFO 84382 --- [restartedMain] .ConditionEvaluationDeltaLoggingListener : Condition evaluation unchanged
2024-05-13T11:39:10.488+05:30  INFO 84382 --- [http-nio-8080-exec-1] o.a.c.c.C.[Tomcat-2].[localhost].[/]     : Initializing Spring DispatcherServlet 'dispatcherServlet'
2024-05-13T11:39:10.494+05:30  INFO 84382 --- [http-nio-8080-exec-1] o.s.web.servlet.DispatcherServlet        : Initializing Servlet 'dispatcherServlet'
2024-05-13T11:39:10.514+05:30  INFO 84382 --- [http-nio-8080-exec-1] o.s.web.servlet.DispatcherServlet        : Completed initialization in 20 ms
2024-05-13T11:39:10.787+05:30  WARN 84382 --- [http-nio-8080-exec-2] o.s.s.c.bcrypt.BCryptPasswordEncoder     : Encoded password does not look like BCrypt
2024-05-13T11:39:30.583+05:30  WARN 84382 --- [http-nio-8080-exec-5] o.s.s.c.bcrypt.BCryptPasswordEncoder     : Encoded password does not look like BCrypt
2024-05-13T11:42:56.581+05:30  WARN 84382 --- [http-nio-8080-exec-8] o.s.s.c.bcrypt.BCryptPasswordEncoder     : Encoded password does not look like BCrypt
2024-05-13T11:43:19.503+05:30  WARN 84382 --- [http-nio-8080-exec-10] o.s.s.c.bcrypt.BCryptPasswordEncoder     : Encoded password does not look like BCrypt
2024-05-13T11:43:55.763+05:30  WARN 84382 --- [http-nio-8080-exec-6] .m.m.a.ExceptionHandlerExceptionResolver : Resolved [Ecom.Exception.OrdersException: Failed to fetch orders for the user: No orders found for the user in the database.]
2024-05-13T11:43:58.626+05:30  WARN 84382 --- [http-nio-8080-exec-8] .m.m.a.ExceptionHandlerExceptionResolver : Resolved [org.springframework.web.method.annotation.MethodArgumentTypeMismatchException: Failed to convert value of type 'java.lang.String' to required type 'java.lang.Integer'; For input string: "null"]
2024-05-13T11:44:47.074+05:30  WARN 84382 --- [http-nio-8080-exec-7] .m.m.a.ExceptionHandlerExceptionResolver : Resolved [Ecom.Exception.OrdersException: Failed to fetch orders for the user: No orders found for the user in the database.]
2024-05-13T11:44:49.229+05:30  WARN 84382 --- [http-nio-8080-exec-9] .m.m.a.ExceptionHandlerExceptionResolver : Resolved [org.springframework.web.method.annotation.MethodArgumentTypeMismatchException: Failed to convert value of type 'java.lang.String' to required type 'java.lang.Integer'; For input string: "null"]
2024-05-13T11:44:52.413+05:30  WARN 84382 --- [http-nio-8080-exec-2] .m.m.a.ExceptionHandlerExceptionResolver : Resolved [java.lang.NullPointerException: Cannot invoke "Ecom.Model.Cart.getTotalAmount()" because "usercart" is null]
2024-05-13T11:44:53.329+05:30  WARN 84382 --- [http-nio-8080-exec-4] .m.m.a.ExceptionHandlerExceptionResolver : Resolved [org.springframework.web.method.annotation.MethodArgumentTypeMismatchException: Failed to convert value of type 'java.lang.String' to required type 'java.lang.Integer'; For input string: "null"]
2024-05-13T11:45:27.271+05:30  WARN 84382 --- [http-nio-8080-exec-7] o.s.s.c.bcrypt.BCryptPasswordEncoder     : Encoded password does not look like BCrypt
2024-05-13T11:48:25.457+05:30  WARN 84382 --- [http-nio-8080-exec-10] o.s.s.c.bcrypt.BCryptPasswordEncoder     : Encoded password does not look like BCrypt
2024-05-13T11:49:14.877+05:30  WARN 84382 --- [http-nio-8080-exec-3] o.s.s.c.bcrypt.BCryptPasswordEncoder     : Encoded password does not look like BCrypt
2024-05-13T11:53:18.222+05:30  WARN 84382 --- [http-nio-8080-exec-6] o.s.s.c.bcrypt.BCryptPasswordEncoder     : Encoded password does not look like BCrypt
2024-05-13T11:53:18.261+05:30  WARN 84382 --- [http-nio-8080-exec-7] o.s.s.c.bcrypt.BCryptPasswordEncoder     : Encoded password does not look like BCrypt
2024-05-13T11:54:59.828+05:30  WARN 84382 --- [http-nio-8080-exec-10] o.s.s.c.bcrypt.BCryptPasswordEncoder     : Encoded password does not look like BCrypt
2024-05-13T11:55:05.363+05:30  WARN 84382 --- [http-nio-8080-exec-3] o.s.s.c.bcrypt.BCryptPasswordEncoder     : Encoded password does not look like BCrypt
2024-05-13T11:55:08.507+05:30  WARN 84382 --- [http-nio-8080-exec-4] o.s.s.c.bcrypt.BCryptPasswordEncoder     : Encoded password does not look like BCrypt
2024-05-13T11:55:10.808+05:30  WARN 84382 --- [http-nio-8080-exec-7] o.s.s.c.bcrypt.BCryptPasswordEncoder     : Encoded password does not look like BCrypt
2024-05-13T12:05:30.450+05:30  WARN 84382 --- [http-nio-8080-exec-10] o.s.s.c.bcrypt.BCryptPasswordEncoder     : Encoded password does not look like BCrypt
2024-05-13T12:05:34.021+05:30  WARN 84382 --- [http-nio-8080-exec-1] .m.m.a.ExceptionHandlerExceptionResolver : Resolved [java.lang.NullPointerException: Cannot invoke "org.springframework.security.core.Authentication.getName()" because "auth" is null]
2024-05-13T12:07:03.195+05:30  WARN 84382 --- [http-nio-8080-exec-7] .m.m.a.ExceptionHandlerExceptionResolver : Resolved [Ecom.Exception.OrdersException: Failed to fetch orders for the user: No orders found for the user in the database.]
2024-05-13T12:07:33.146+05:30  WARN 84382 --- [http-nio-8080-exec-10] o.s.s.c.bcrypt.BCryptPasswordEncoder     : Encoded password does not look like BCrypt
2024-05-13T12:07:44.252+05:30  WARN 84382 --- [http-nio-8080-exec-2] .m.m.a.ExceptionHandlerExceptionResolver : Resolved [java.lang.NullPointerException: Cannot invoke "org.springframework.security.core.Authentication.getName()" because "auth" is null]
2024-05-13T12:08:10.763+05:30  WARN 84382 --- [http-nio-8080-exec-7] o.s.s.c.bcrypt.BCryptPasswordEncoder     : Encoded password does not look like BCrypt
2024-05-13T12:08:30.088+05:30  WARN 84382 --- [http-nio-8080-exec-10] o.s.s.c.bcrypt.BCryptPasswordEncoder     : Encoded password does not look like BCrypt
2024-05-13T12:10:22.435+05:30  WARN 84382 --- [http-nio-8080-exec-3] o.s.s.c.bcrypt.BCryptPasswordEncoder     : Encoded password does not look like BCrypt
2024-05-13T12:10:31.256+05:30  INFO 84382 --- [SpringApplicationShutdownHook] j.LocalContainerEntityManagerFactoryBean : Closing JPA EntityManagerFactory for persistence unit 'default'
2024-05-13T12:10:31.273+05:30  INFO 84382 --- [SpringApplicationShutdownHook] com.zaxxer.hikari.HikariDataSource       : HikariPool-3 - Shutdown initiated...
2024-05-13T12:10:31.285+05:30  INFO 84382 --- [SpringApplicationShutdownHook] com.zaxxer.hikari.HikariDataSource       : HikariPool-3 - Shutdown completed.
2024-05-13T12:10:41.248+05:30  INFO 85728 --- [restartedMain] Ecom.EcomApplication                     : Starting EcomApplication using Java 20.0.1 with PID 85728 (/Users/isas/Desktop/eCommerce-Application-main/eCommersApp/target/classes started by isas in /Users/isas/Desktop/eCommerce-Application-main/eCommersApp)
2024-05-13T12:10:41.249+05:30  INFO 85728 --- [restartedMain] Ecom.EcomApplication                     : No active profile set, falling back to 1 default profile: "default"
2024-05-13T12:10:41.295+05:30  INFO 85728 --- [restartedMain] .e.DevToolsPropertyDefaultsPostProcessor : Devtools property defaults active! Set 'spring.devtools.add-properties' to 'false' to disable
2024-05-13T12:10:41.295+05:30  INFO 85728 --- [restartedMain] .e.DevToolsPropertyDefaultsPostProcessor : For additional web related logging consider setting the 'logging.level.web' property to 'DEBUG'
2024-05-13T12:10:41.790+05:30  INFO 85728 --- [restartedMain] .s.d.r.c.RepositoryConfigurationDelegate : Bootstrapping Spring Data JPA repositories in DEFAULT mode.
2024-05-13T12:10:41.842+05:30  INFO 85728 --- [restartedMain] .s.d.r.c.RepositoryConfigurationDelegate : Finished Spring Data repository scanning in 48 ms. Found 11 JPA repository interfaces.
2024-05-13T12:10:42.254+05:30  INFO 85728 --- [restartedMain] o.s.b.w.embedded.tomcat.TomcatWebServer  : Tomcat initialized with port(s): 8080 (http)
2024-05-13T12:10:42.261+05:30  INFO 85728 --- [restartedMain] o.apache.catalina.core.StandardService   : Starting service [Tomcat]
2024-05-13T12:10:42.261+05:30  INFO 85728 --- [restartedMain] o.apache.catalina.core.StandardEngine    : Starting Servlet engine: [Apache Tomcat/10.1.10]
2024-05-13T12:10:42.301+05:30  INFO 85728 --- [restartedMain] o.a.c.c.C.[Tomcat].[localhost].[/]       : Initializing Spring embedded WebApplicationContext
2024-05-13T12:10:42.302+05:30  INFO 85728 --- [restartedMain] w.s.c.ServletWebServerApplicationContext : Root WebApplicationContext: initialization completed in 1007 ms
2024-05-13T12:10:42.400+05:30  INFO 85728 --- [restartedMain] o.hibernate.jpa.internal.util.LogHelper  : HHH000204: Processing PersistenceUnitInfo [name: default]
2024-05-13T12:10:42.433+05:30  INFO 85728 --- [restartedMain] org.hibernate.Version                    : HHH000412: Hibernate ORM core version 6.2.5.Final
2024-05-13T12:10:42.434+05:30  INFO 85728 --- [restartedMain] org.hibernate.cfg.Environment            : HHH000406: Using bytecode reflection optimizer
2024-05-13T12:10:42.517+05:30  INFO 85728 --- [restartedMain] o.h.b.i.BytecodeProviderInitiator        : HHH000021: Bytecode provider name : bytebuddy
2024-05-13T12:10:42.592+05:30  INFO 85728 --- [restartedMain] o.s.o.j.p.SpringPersistenceUnitInfo      : No LoadTimeWeaver setup: ignoring JPA class transformer
2024-05-13T12:10:42.602+05:30  INFO 85728 --- [restartedMain] com.zaxxer.hikari.HikariDataSource       : HikariPool-1 - Starting...
2024-05-13T12:10:42.863+05:30  INFO 85728 --- [restartedMain] com.zaxxer.hikari.pool.HikariPool        : HikariPool-1 - Added connection com.mysql.cj.jdbc.ConnectionImpl@508ee261
2024-05-13T12:10:42.864+05:30  INFO 85728 --- [restartedMain] com.zaxxer.hikari.HikariDataSource       : HikariPool-1 - Start completed.
2024-05-13T12:10:43.069+05:30  INFO 85728 --- [restartedMain] o.h.b.i.BytecodeProviderInitiator        : HHH000021: Bytecode provider name : bytebuddy
2024-05-13T12:10:43.606+05:30  INFO 85728 --- [restartedMain] o.h.e.t.j.p.i.JtaPlatformInitiator       : HHH000490: Using JtaPlatform implementation: [org.hibernate.engine.transaction.jta.platform.internal.NoJtaPlatform]
2024-05-13T12:10:43.919+05:30  INFO 85728 --- [restartedMain] j.LocalContainerEntityManagerFactoryBean : Initialized JPA EntityManagerFactory for persistence unit 'default'
2024-05-13T12:10:44.084+05:30  INFO 85728 --- [restartedMain] o.s.d.j.r.query.QueryEnhancerFactory     : Hibernate is in classpath; If applicable, HQL parser will be used.
2024-05-13T12:10:44.614+05:30  WARN 85728 --- [restartedMain] JpaBaseConfiguration$JpaWebConfiguration : spring.jpa.open-in-view is enabled by default. Therefore, database queries may be performed during view rendering. Explicitly configure spring.jpa.open-in-view to disable this warning
2024-05-13T12:10:45.077+05:30  INFO 85728 --- [restartedMain] o.s.s.web.DefaultSecurityFilterChain     : Will secure any request with [org.springframework.security.web.session.DisableEncodeUrlFilter@4dc6eb2d, org.springframework.security.web.context.request.async.WebAsyncManagerIntegrationFilter@217ed2f8, org.springframework.security.web.context.SecurityContextHolderFilter@34397447, org.springframework.security.web.header.HeaderWriterFilter@3afc6ca5, org.springframework.web.filter.CorsFilter@3982450c, org.springframework.security.web.authentication.logout.LogoutFilter@6e986323, Ecom.SecurityConfig.JwtTokenValidatorFilter@4e061cc8, org.springframework.security.web.authentication.www.BasicAuthenticationFilter@69b0ac89, Ecom.SecurityConfig.JwtTokenGeneratorFilter@34e319a6, org.springframework.security.web.savedrequest.RequestCacheAwareFilter@431c1af1, org.springframework.security.web.servletapi.SecurityContextHolderAwareRequestFilter@3e119332, org.springframework.security.web.authentication.AnonymousAuthenticationFilter@63ddf4d0, org.springframework.security.web.session.SessionManagementFilter@672a6e41, org.springframework.security.web.access.ExceptionTranslationFilter@35840b0a, org.springframework.security.web.access.intercept.AuthorizationFilter@6e8e058d]
2024-05-13T12:10:45.221+05:30  INFO 85728 --- [restartedMain] o.s.b.d.a.OptionalLiveReloadServer       : LiveReload server is running on port 35729
2024-05-13T12:10:45.245+05:30  INFO 85728 --- [restartedMain] o.s.b.w.embedded.tomcat.TomcatWebServer  : Tomcat started on port(s): 8080 (http) with context path ''
2024-05-13T12:10:45.254+05:30  INFO 85728 --- [restartedMain] Ecom.EcomApplication                     : Started EcomApplication in 4.288 seconds (process running for 4.659)
2024-05-13T12:12:14.127+05:30  INFO 85728 --- [http-nio-8080-exec-1] o.a.c.c.C.[Tomcat].[localhost].[/]       : Initializing Spring DispatcherServlet 'dispatcherServlet'
2024-05-13T12:12:14.128+05:30  INFO 85728 --- [http-nio-8080-exec-1] o.s.web.servlet.DispatcherServlet        : Initializing Servlet 'dispatcherServlet'
2024-05-13T12:12:14.132+05:30  INFO 85728 --- [http-nio-8080-exec-1] o.s.web.servlet.DispatcherServlet        : Completed initialization in 3 ms
2024-05-13T12:12:14.398+05:30  WARN 85728 --- [http-nio-8080-exec-2] o.s.s.c.bcrypt.BCryptPasswordEncoder     : Encoded password does not look like BCrypt
2024-05-13T12:12:21.862+05:30  WARN 85728 --- [http-nio-8080-exec-4] .m.m.a.ExceptionHandlerExceptionResolver : Resolved [java.lang.NullPointerException: Cannot invoke "org.springframework.security.core.Authentication.getName()" because "auth" is null]
2024-05-13T12:12:25.957+05:30  WARN 85728 --- [http-nio-8080-exec-8] .m.m.a.ExceptionHandlerExceptionResolver : Resolved [java.lang.NullPointerException: Cannot invoke "org.springframework.security.core.Authentication.getName()" because "auth" is null]
2024-05-13T12:18:54.749+05:30  WARN 85728 --- [http-nio-8080-exec-2] .m.m.a.ExceptionHandlerExceptionResolver : Resolved [java.lang.NullPointerException: Cannot invoke "org.springframework.security.core.Authentication.getName()" because "auth" is null]
2024-05-13T12:20:38.389+05:30  INFO 85728 --- [SpringApplicationShutdownHook] j.LocalContainerEntityManagerFactoryBean : Closing JPA EntityManagerFactory for persistence unit 'default'
2024-05-13T12:20:38.401+05:30  INFO 85728 --- [SpringApplicationShutdownHook] com.zaxxer.hikari.HikariDataSource       : HikariPool-1 - Shutdown initiated...
2024-05-13T12:20:38.428+05:30  INFO 85728 --- [SpringApplicationShutdownHook] com.zaxxer.hikari.HikariDataSource       : HikariPool-1 - Shutdown completed.
2024-05-13T12:20:50.644+05:30  INFO 85901 --- [restartedMain] Ecom.EcomApplication                     : Starting EcomApplication using Java 20.0.1 with PID 85901 (/Users/isas/Desktop/eCommerce-Application-main/eCommersApp/target/classes started by isas in /Users/isas/Desktop/eCommerce-Application-main/eCommersApp)
2024-05-13T12:20:50.645+05:30  INFO 85901 --- [restartedMain] Ecom.EcomApplication                     : No active profile set, falling back to 1 default profile: "default"
2024-05-13T12:20:50.705+05:30  INFO 85901 --- [restartedMain] .e.DevToolsPropertyDefaultsPostProcessor : Devtools property defaults active! Set 'spring.devtools.add-properties' to 'false' to disable
2024-05-13T12:20:50.705+05:30  INFO 85901 --- [restartedMain] .e.DevToolsPropertyDefaultsPostProcessor : For additional web related logging consider setting the 'logging.level.web' property to 'DEBUG'
2024-05-13T12:20:51.268+05:30  INFO 85901 --- [restartedMain] .s.d.r.c.RepositoryConfigurationDelegate : Bootstrapping Spring Data JPA repositories in DEFAULT mode.
2024-05-13T12:20:51.330+05:30  INFO 85901 --- [restartedMain] .s.d.r.c.RepositoryConfigurationDelegate : Finished Spring Data repository scanning in 57 ms. Found 11 JPA repository interfaces.
2024-05-13T12:20:51.766+05:30  INFO 85901 --- [restartedMain] o.s.b.w.embedded.tomcat.TomcatWebServer  : Tomcat initialized with port(s): 8080 (http)
2024-05-13T12:20:51.773+05:30  INFO 85901 --- [restartedMain] o.apache.catalina.core.StandardService   : Starting service [Tomcat]
2024-05-13T12:20:51.773+05:30  INFO 85901 --- [restartedMain] o.apache.catalina.core.StandardEngine    : Starting Servlet engine: [Apache Tomcat/10.1.10]
2024-05-13T12:20:51.816+05:30  INFO 85901 --- [restartedMain] o.a.c.c.C.[Tomcat].[localhost].[/]       : Initializing Spring embedded WebApplicationContext
2024-05-13T12:20:51.816+05:30  INFO 85901 --- [restartedMain] w.s.c.ServletWebServerApplicationContext : Root WebApplicationContext: initialization completed in 1110 ms
2024-05-13T12:20:51.922+05:30  INFO 85901 --- [restartedMain] o.hibernate.jpa.internal.util.LogHelper  : HHH000204: Processing PersistenceUnitInfo [name: default]
2024-05-13T12:20:51.958+05:30  INFO 85901 --- [restartedMain] org.hibernate.Version                    : HHH000412: Hibernate ORM core version 6.2.5.Final
2024-05-13T12:20:51.959+05:30  INFO 85901 --- [restartedMain] org.hibernate.cfg.Environment            : HHH000406: Using bytecode reflection optimizer
2024-05-13T12:20:52.051+05:30  INFO 85901 --- [restartedMain] o.h.b.i.BytecodeProviderInitiator        : HHH000021: Bytecode provider name : bytebuddy
2024-05-13T12:20:52.131+05:30  INFO 85901 --- [restartedMain] o.s.o.j.p.SpringPersistenceUnitInfo      : No LoadTimeWeaver setup: ignoring JPA class transformer
2024-05-13T12:20:52.142+05:30  INFO 85901 --- [restartedMain] com.zaxxer.hikari.HikariDataSource       : HikariPool-1 - Starting...
2024-05-13T12:20:52.467+05:30  INFO 85901 --- [restartedMain] com.zaxxer.hikari.pool.HikariPool        : HikariPool-1 - Added connection com.mysql.cj.jdbc.ConnectionImpl@56e5b58e
2024-05-13T12:20:52.468+05:30  INFO 85901 --- [restartedMain] com.zaxxer.hikari.HikariDataSource       : HikariPool-1 - Start completed.
2024-05-13T12:20:52.698+05:30  INFO 85901 --- [restartedMain] o.h.b.i.BytecodeProviderInitiator        : HHH000021: Bytecode provider name : bytebuddy
2024-05-13T12:20:53.248+05:30  INFO 85901 --- [restartedMain] o.h.e.t.j.p.i.JtaPlatformInitiator       : HHH000490: Using JtaPlatform implementation: [org.hibernate.engine.transaction.jta.platform.internal.NoJtaPlatform]
2024-05-13T12:20:53.498+05:30  INFO 85901 --- [restartedMain] j.LocalContainerEntityManagerFactoryBean : Initialized JPA EntityManagerFactory for persistence unit 'default'
2024-05-13T12:20:53.689+05:30  INFO 85901 --- [restartedMain] o.s.d.j.r.query.QueryEnhancerFactory     : Hibernate is in classpath; If applicable, HQL parser will be used.
2024-05-13T12:20:54.217+05:30  WARN 85901 --- [restartedMain] JpaBaseConfiguration$JpaWebConfiguration : spring.jpa.open-in-view is enabled by default. Therefore, database queries may be performed during view rendering. Explicitly configure spring.jpa.open-in-view to disable this warning
2024-05-13T12:20:54.880+05:30  INFO 85901 --- [restartedMain] o.s.s.web.DefaultSecurityFilterChain     : Will secure any request with [org.springframework.security.web.session.DisableEncodeUrlFilter@5c6f4d3c, org.springframework.security.web.context.request.async.WebAsyncManagerIntegrationFilter@79107825, org.springframework.security.web.context.SecurityContextHolderFilter@569b9ccf, org.springframework.security.web.header.HeaderWriterFilter@460e6eac, org.springframework.web.filter.CorsFilter@25bbfcd4, org.springframework.security.web.authentication.logout.LogoutFilter@450cc331, Ecom.SecurityConfig.JwtTokenValidatorFilter@ddb7f5c, org.springframework.security.web.authentication.www.BasicAuthenticationFilter@4a7de4f0, Ecom.SecurityConfig.JwtTokenGeneratorFilter@2bfbd576, org.springframework.security.web.savedrequest.RequestCacheAwareFilter@3168cbc3, org.springframework.security.web.servletapi.SecurityContextHolderAwareRequestFilter@455f9195, org.springframework.security.web.authentication.AnonymousAuthenticationFilter@51d0517c, org.springframework.security.web.session.SessionManagementFilter@99ec827, org.springframework.security.web.access.ExceptionTranslationFilter@6ba25fa8, org.springframework.security.web.access.intercept.AuthorizationFilter@5dad8bf2]
2024-05-13T12:20:55.021+05:30  INFO 85901 --- [restartedMain] o.s.b.d.a.OptionalLiveReloadServer       : LiveReload server is running on port 35729
2024-05-13T12:20:55.043+05:30  INFO 85901 --- [restartedMain] o.s.b.w.embedded.tomcat.TomcatWebServer  : Tomcat started on port(s): 8080 (http) with context path ''
2024-05-13T12:20:55.052+05:30  INFO 85901 --- [restartedMain] Ecom.EcomApplication                     : Started EcomApplication in 4.688 seconds (process running for 5.499)
2024-05-13T12:21:09.746+05:30  INFO 85901 --- [http-nio-8080-exec-1] o.a.c.c.C.[Tomcat].[localhost].[/]       : Initializing Spring DispatcherServlet 'dispatcherServlet'
2024-05-13T12:21:09.747+05:30  INFO 85901 --- [http-nio-8080-exec-1] o.s.web.servlet.DispatcherServlet        : Initializing Servlet 'dispatcherServlet'
2024-05-13T12:21:09.750+05:30  INFO 85901 --- [http-nio-8080-exec-1] o.s.web.servlet.DispatcherServlet        : Completed initialization in 3 ms
2024-05-13T12:21:10.116+05:30  WARN 85901 --- [http-nio-8080-exec-2] o.s.s.c.bcrypt.BCryptPasswordEncoder     : Encoded password does not look like BCrypt
2024-05-13T12:21:44.388+05:30  INFO 85901 --- [SpringApplicationShutdownHook] j.LocalContainerEntityManagerFactoryBean : Closing JPA EntityManagerFactory for persistence unit 'default'
2024-05-13T12:21:44.393+05:30  INFO 85901 --- [SpringApplicationShutdownHook] com.zaxxer.hikari.HikariDataSource       : HikariPool-1 - Shutdown initiated...
2024-05-13T12:21:44.401+05:30  INFO 85901 --- [SpringApplicationShutdownHook] com.zaxxer.hikari.HikariDataSource       : HikariPool-1 - Shutdown completed.
2024-05-13T12:21:46.334+05:30  INFO 85930 --- [restartedMain] Ecom.EcomApplication                     : Starting EcomApplication using Java 20.0.1 with PID 85930 (/Users/isas/Desktop/eCommerce-Application-main/eCommersApp/target/classes started by isas in /Users/isas/Desktop/eCommerce-Application-main/eCommersApp)
2024-05-13T12:21:46.337+05:30  INFO 85930 --- [restartedMain] Ecom.EcomApplication                     : No active profile set, falling back to 1 default profile: "default"
2024-05-13T12:21:46.421+05:30  INFO 85930 --- [restartedMain] .e.DevToolsPropertyDefaultsPostProcessor : Devtools property defaults active! Set 'spring.devtools.add-properties' to 'false' to disable
2024-05-13T12:21:46.422+05:30  INFO 85930 --- [restartedMain] .e.DevToolsPropertyDefaultsPostProcessor : For additional web related logging consider setting the 'logging.level.web' property to 'DEBUG'
2024-05-13T12:21:47.078+05:30  INFO 85930 --- [restartedMain] .s.d.r.c.RepositoryConfigurationDelegate : Bootstrapping Spring Data JPA repositories in DEFAULT mode.
2024-05-13T12:21:47.145+05:30  INFO 85930 --- [restartedMain] .s.d.r.c.RepositoryConfigurationDelegate : Finished Spring Data repository scanning in 61 ms. Found 11 JPA repository interfaces.
2024-05-13T12:21:47.654+05:30  INFO 85930 --- [restartedMain] o.s.b.w.embedded.tomcat.TomcatWebServer  : Tomcat initialized with port(s): 8080 (http)
2024-05-13T12:21:47.662+05:30  INFO 85930 --- [restartedMain] o.apache.catalina.core.StandardService   : Starting service [Tomcat]
2024-05-13T12:21:47.662+05:30  INFO 85930 --- [restartedMain] o.apache.catalina.core.StandardEngine    : Starting Servlet engine: [Apache Tomcat/10.1.10]
2024-05-13T12:21:47.706+05:30  INFO 85930 --- [restartedMain] o.a.c.c.C.[Tomcat].[localhost].[/]       : Initializing Spring embedded WebApplicationContext
2024-05-13T12:21:47.706+05:30  INFO 85930 --- [restartedMain] w.s.c.ServletWebServerApplicationContext : Root WebApplicationContext: initialization completed in 1284 ms
2024-05-13T12:21:47.818+05:30  INFO 85930 --- [restartedMain] o.hibernate.jpa.internal.util.LogHelper  : HHH000204: Processing PersistenceUnitInfo [name: default]
2024-05-13T12:21:47.854+05:30  INFO 85930 --- [restartedMain] org.hibernate.Version                    : HHH000412: Hibernate ORM core version 6.2.5.Final
2024-05-13T12:21:47.856+05:30  INFO 85930 --- [restartedMain] org.hibernate.cfg.Environment            : HHH000406: Using bytecode reflection optimizer
2024-05-13T12:21:47.946+05:30  INFO 85930 --- [restartedMain] o.h.b.i.BytecodeProviderInitiator        : HHH000021: Bytecode provider name : bytebuddy
2024-05-13T12:21:48.036+05:30  INFO 85930 --- [restartedMain] o.s.o.j.p.SpringPersistenceUnitInfo      : No LoadTimeWeaver setup: ignoring JPA class transformer
2024-05-13T12:21:48.048+05:30  INFO 85930 --- [restartedMain] com.zaxxer.hikari.HikariDataSource       : HikariPool-1 - Starting...
2024-05-13T12:21:48.359+05:30  INFO 85930 --- [restartedMain] com.zaxxer.hikari.pool.HikariPool        : HikariPool-1 - Added connection com.mysql.cj.jdbc.ConnectionImpl@3455e1e4
2024-05-13T12:21:48.360+05:30  INFO 85930 --- [restartedMain] com.zaxxer.hikari.HikariDataSource       : HikariPool-1 - Start completed.
2024-05-13T12:21:48.587+05:30  INFO 85930 --- [restartedMain] o.h.b.i.BytecodeProviderInitiator        : HHH000021: Bytecode provider name : bytebuddy
2024-05-13T12:21:49.241+05:30  INFO 85930 --- [restartedMain] o.h.e.t.j.p.i.JtaPlatformInitiator       : HHH000490: Using JtaPlatform implementation: [org.hibernate.engine.transaction.jta.platform.internal.NoJtaPlatform]
2024-05-13T12:21:49.500+05:30  INFO 85930 --- [restartedMain] j.LocalContainerEntityManagerFactoryBean : Initialized JPA EntityManagerFactory for persistence unit 'default'
2024-05-13T12:21:49.760+05:30  INFO 85930 --- [restartedMain] o.s.d.j.r.query.QueryEnhancerFactory     : Hibernate is in classpath; If applicable, HQL parser will be used.
2024-05-13T12:21:50.999+05:30  WARN 85930 --- [restartedMain] JpaBaseConfiguration$JpaWebConfiguration : spring.jpa.open-in-view is enabled by default. Therefore, database queries may be performed during view rendering. Explicitly configure spring.jpa.open-in-view to disable this warning
2024-05-13T12:21:51.701+05:30  INFO 85930 --- [restartedMain] o.s.s.web.DefaultSecurityFilterChain     : Will secure any request with [org.springframework.security.web.session.DisableEncodeUrlFilter@5dad8bf2, org.springframework.security.web.context.request.async.WebAsyncManagerIntegrationFilter@5de7cb80, org.springframework.security.web.context.SecurityContextHolderFilter@6ba25fa8, org.springframework.security.web.header.HeaderWriterFilter@249c835d, org.springframework.web.filter.CorsFilter@3f17392, org.springframework.security.web.authentication.logout.LogoutFilter@5bb34f1d, Ecom.SecurityConfig.JwtTokenValidatorFilter@44b927b8, org.springframework.security.web.authentication.www.BasicAuthenticationFilter@21c431c6, Ecom.SecurityConfig.JwtTokenGeneratorFilter@757ad6c6, org.springframework.security.web.savedrequest.RequestCacheAwareFilter@460e6eac, org.springframework.security.web.servletapi.SecurityContextHolderAwareRequestFilter@7adc377c, org.springframework.security.web.authentication.AnonymousAuthenticationFilter@16a2b822, org.springframework.security.web.session.SessionManagementFilter@1fcd0042, org.springframework.security.web.access.ExceptionTranslationFilter@11f235ae, org.springframework.security.web.access.intercept.AuthorizationFilter@28ffa5b1]
2024-05-13T12:21:51.995+05:30  INFO 85930 --- [restartedMain] o.s.b.d.a.OptionalLiveReloadServer       : LiveReload server is running on port 35729
2024-05-13T12:21:52.040+05:30  INFO 85930 --- [restartedMain] o.s.b.w.embedded.tomcat.TomcatWebServer  : Tomcat started on port(s): 8080 (http) with context path ''
2024-05-13T12:21:52.054+05:30  INFO 85930 --- [restartedMain] Ecom.EcomApplication                     : Started EcomApplication in 6.175 seconds (process running for 6.837)
2024-05-13T12:21:59.122+05:30  INFO 85930 --- [http-nio-8080-exec-1] o.a.c.c.C.[Tomcat].[localhost].[/]       : Initializing Spring DispatcherServlet 'dispatcherServlet'
2024-05-13T12:21:59.123+05:30  INFO 85930 --- [http-nio-8080-exec-1] o.s.web.servlet.DispatcherServlet        : Initializing Servlet 'dispatcherServlet'
2024-05-13T12:21:59.126+05:30  INFO 85930 --- [http-nio-8080-exec-1] o.s.web.servlet.DispatcherServlet        : Completed initialization in 3 ms
2024-05-13T12:21:59.611+05:30  WARN 85930 --- [http-nio-8080-exec-2] o.s.s.c.bcrypt.BCryptPasswordEncoder     : Encoded password does not look like BCrypt
2024-05-13T12:25:18.000+05:30  INFO 85930 --- [SpringApplicationShutdownHook] j.LocalContainerEntityManagerFactoryBean : Closing JPA EntityManagerFactory for persistence unit 'default'
2024-05-13T12:25:18.006+05:30  INFO 85930 --- [SpringApplicationShutdownHook] com.zaxxer.hikari.HikariDataSource       : HikariPool-1 - Shutdown initiated...
2024-05-13T12:25:18.013+05:30  INFO 85930 --- [SpringApplicationShutdownHook] com.zaxxer.hikari.HikariDataSource       : HikariPool-1 - Shutdown completed.
2024-05-13T12:25:19.763+05:30  INFO 85987 --- [restartedMain] Ecom.EcomApplication                     : Starting EcomApplication using Java 20.0.1 with PID 85987 (/Users/isas/Desktop/eCommerce-Application-main/eCommersApp/target/classes started by isas in /Users/isas/Desktop/eCommerce-Application-main/eCommersApp)
2024-05-13T12:25:19.765+05:30  INFO 85987 --- [restartedMain] Ecom.EcomApplication                     : No active profile set, falling back to 1 default profile: "default"
2024-05-13T12:25:19.847+05:30  INFO 85987 --- [restartedMain] .e.DevToolsPropertyDefaultsPostProcessor : Devtools property defaults active! Set 'spring.devtools.add-properties' to 'false' to disable
2024-05-13T12:25:19.848+05:30  INFO 85987 --- [restartedMain] .e.DevToolsPropertyDefaultsPostProcessor : For additional web related logging consider setting the 'logging.level.web' property to 'DEBUG'
2024-05-13T12:25:20.438+05:30  INFO 85987 --- [restartedMain] .s.d.r.c.RepositoryConfigurationDelegate : Bootstrapping Spring Data JPA repositories in DEFAULT mode.
2024-05-13T12:25:20.492+05:30  INFO 85987 --- [restartedMain] .s.d.r.c.RepositoryConfigurationDelegate : Finished Spring Data repository scanning in 50 ms. Found 11 JPA repository interfaces.
2024-05-13T12:25:21.142+05:30  INFO 85987 --- [restartedMain] o.s.b.w.embedded.tomcat.TomcatWebServer  : Tomcat initialized with port(s): 8080 (http)
2024-05-13T12:25:21.151+05:30  INFO 85987 --- [restartedMain] o.apache.catalina.core.StandardService   : Starting service [Tomcat]
2024-05-13T12:25:21.151+05:30  INFO 85987 --- [restartedMain] o.apache.catalina.core.StandardEngine    : Starting Servlet engine: [Apache Tomcat/10.1.10]
2024-05-13T12:25:21.190+05:30  INFO 85987 --- [restartedMain] o.a.c.c.C.[Tomcat].[localhost].[/]       : Initializing Spring embedded WebApplicationContext
2024-05-13T12:25:21.191+05:30  INFO 85987 --- [restartedMain] w.s.c.ServletWebServerApplicationContext : Root WebApplicationContext: initialization completed in 1343 ms
2024-05-13T12:25:21.295+05:30  INFO 85987 --- [restartedMain] o.hibernate.jpa.internal.util.LogHelper  : HHH000204: Processing PersistenceUnitInfo [name: default]
2024-05-13T12:25:21.327+05:30  INFO 85987 --- [restartedMain] org.hibernate.Version                    : HHH000412: Hibernate ORM core version 6.2.5.Final
2024-05-13T12:25:21.328+05:30  INFO 85987 --- [restartedMain] org.hibernate.cfg.Environment            : HHH000406: Using bytecode reflection optimizer
2024-05-13T12:25:21.399+05:30  INFO 85987 --- [restartedMain] o.h.b.i.BytecodeProviderInitiator        : HHH000021: Bytecode provider name : bytebuddy
2024-05-13T12:25:21.470+05:30  INFO 85987 --- [restartedMain] o.s.o.j.p.SpringPersistenceUnitInfo      : No LoadTimeWeaver setup: ignoring JPA class transformer
2024-05-13T12:25:21.480+05:30  INFO 85987 --- [restartedMain] com.zaxxer.hikari.HikariDataSource       : HikariPool-1 - Starting...
2024-05-13T12:25:21.691+05:30  INFO 85987 --- [restartedMain] com.zaxxer.hikari.pool.HikariPool        : HikariPool-1 - Added connection com.mysql.cj.jdbc.ConnectionImpl@508ee261
2024-05-13T12:25:21.692+05:30  INFO 85987 --- [restartedMain] com.zaxxer.hikari.HikariDataSource       : HikariPool-1 - Start completed.
2024-05-13T12:25:21.880+05:30  INFO 85987 --- [restartedMain] o.h.b.i.BytecodeProviderInitiator        : HHH000021: Bytecode provider name : bytebuddy
2024-05-13T12:25:22.397+05:30  INFO 85987 --- [restartedMain] o.h.e.t.j.p.i.JtaPlatformInitiator       : HHH000490: Using JtaPlatform implementation: [org.hibernate.engine.transaction.jta.platform.internal.NoJtaPlatform]
2024-05-13T12:25:22.733+05:30  INFO 85987 --- [restartedMain] j.LocalContainerEntityManagerFactoryBean : Initialized JPA EntityManagerFactory for persistence unit 'default'
2024-05-13T12:25:22.899+05:30  INFO 85987 --- [restartedMain] o.s.d.j.r.query.QueryEnhancerFactory     : Hibernate is in classpath; If applicable, HQL parser will be used.
2024-05-13T12:25:23.402+05:30  WARN 85987 --- [restartedMain] JpaBaseConfiguration$JpaWebConfiguration : spring.jpa.open-in-view is enabled by default. Therefore, database queries may be performed during view rendering. Explicitly configure spring.jpa.open-in-view to disable this warning
2024-05-13T12:25:23.830+05:30  INFO 85987 --- [restartedMain] o.s.s.web.DefaultSecurityFilterChain     : Will secure any request with [org.springframework.security.web.session.DisableEncodeUrlFilter@6ad7539b, org.springframework.security.web.context.request.async.WebAsyncManagerIntegrationFilter@74cd7e2d, org.springframework.security.web.context.SecurityContextHolderFilter@56d863f5, org.springframework.security.web.header.HeaderWriterFilter@2a2e1392, org.springframework.web.filter.CorsFilter@4e13d67d, org.springframework.security.web.authentication.logout.LogoutFilter@672a6e41, Ecom.SecurityConfig.JwtTokenValidatorFilter@171ef06b, org.springframework.security.web.authentication.www.BasicAuthenticationFilter@9a2f4d8, Ecom.SecurityConfig.JwtTokenGeneratorFilter@47052298, org.springframework.security.web.savedrequest.RequestCacheAwareFilter@26c93db2, org.springframework.security.web.servletapi.SecurityContextHolderAwareRequestFilter@6f7591b7, org.springframework.security.web.authentication.AnonymousAuthenticationFilter@58a61043, org.springframework.security.web.session.SessionManagementFilter@7a68240c, org.springframework.security.web.access.ExceptionTranslationFilter@1a40d6bb, org.springframework.security.web.access.intercept.AuthorizationFilter@67dc0d74]
2024-05-13T12:25:23.961+05:30  INFO 85987 --- [restartedMain] o.s.b.d.a.OptionalLiveReloadServer       : LiveReload server is running on port 35729
2024-05-13T12:25:23.983+05:30  INFO 85987 --- [restartedMain] o.s.b.w.embedded.tomcat.TomcatWebServer  : Tomcat started on port(s): 8080 (http) with context path ''
2024-05-13T12:25:23.992+05:30  INFO 85987 --- [restartedMain] Ecom.EcomApplication                     : Started EcomApplication in 4.708 seconds (process running for 5.201)
2024-05-13T12:26:26.646+05:30  INFO 85987 --- [http-nio-8080-exec-1] o.a.c.c.C.[Tomcat].[localhost].[/]       : Initializing Spring DispatcherServlet 'dispatcherServlet'
2024-05-13T12:26:26.647+05:30  INFO 85987 --- [http-nio-8080-exec-1] o.s.web.servlet.DispatcherServlet        : Initializing Servlet 'dispatcherServlet'
2024-05-13T12:26:26.659+05:30  INFO 85987 --- [http-nio-8080-exec-1] o.s.web.servlet.DispatcherServlet        : Completed initialization in 11 ms
2024-05-13T12:26:26.981+05:30  WARN 85987 --- [http-nio-8080-exec-2] o.s.s.c.bcrypt.BCryptPasswordEncoder     : Encoded password does not look like BCrypt
2024-05-13T12:26:40.147+05:30  WARN 85987 --- [http-nio-8080-exec-5] o.s.s.c.bcrypt.BCryptPasswordEncoder     : Encoded password does not look like BCrypt
2024-05-13T12:26:46.377+05:30  WARN 85987 --- [http-nio-8080-exec-7] .m.m.a.ExceptionHandlerExceptionResolver : Resolved [java.lang.NullPointerException: Cannot invoke "org.springframework.security.core.Authentication.getName()" because "auth" is null]
2024-05-13T12:43:10.546+05:30  WARN 85987 --- [HikariPool-1 housekeeper] com.zaxxer.hikari.pool.HikariPool        : HikariPool-1 - Thread starvation or clock leap detected (housekeeper delta=15m48s716ms).
2024-05-13T13:01:25.730+05:30  WARN 85987 --- [HikariPool-1 housekeeper] com.zaxxer.hikari.pool.HikariPool        : HikariPool-1 - Thread starvation or clock leap detected (housekeeper delta=17m15s167ms).
2024-05-13T13:17:59.780+05:30  WARN 85987 --- [HikariPool-1 housekeeper] com.zaxxer.hikari.pool.HikariPool        : HikariPool-1 - Thread starvation or clock leap detected (housekeeper delta=16m4s38ms).
2024-05-13T13:21:50.452+05:30  INFO 85987 --- [SpringApplicationShutdownHook] j.LocalContainerEntityManagerFactoryBean : Closing JPA EntityManagerFactory for persistence unit 'default'
2024-05-13T13:21:50.465+05:30  INFO 85987 --- [SpringApplicationShutdownHook] com.zaxxer.hikari.HikariDataSource       : HikariPool-1 - Shutdown initiated...
2024-05-13T13:21:50.502+05:30  INFO 85987 --- [SpringApplicationShutdownHook] com.zaxxer.hikari.HikariDataSource       : HikariPool-1 - Shutdown completed.
